2021-08-23 13:52:07,785 - ResourceManager : found vm/html/add.html.vm with loader org.apache.velocity.runtime.resource.loader.ClasspathResourceLoader
2021-08-23 13:52:07,785 - Right side ($treeParentCode) of '!=' operation has null value. If it is a reference, it may not be in the context or its toString() returned null. vm/html/add.html.vm[line 26, column 10]
2021-08-23 13:52:07,785 - Right side ($treeParentCode) of '==' operation has null value. If it is a reference, it may not be in the context or its toString() returned null. vm/html/add.html.vm[line 26, column 50]
2021-08-23 13:52:07,786 - Right side ($treeParentCode) of '!=' operation has null value. If it is a reference, it may not be in the context or its toString() returned null. vm/html/add.html.vm[line 26, column 10]
2021-08-23 13:52:07,786 - Right side ($treeParentCode) of '==' operation has null value. If it is a reference, it may not be in the context or its toString() returned null. vm/html/add.html.vm[line 26, column 50]
2021-08-23 13:52:07,786 - Right side ($treeParentCode) of '!=' operation has null value. If it is a reference, it may not be in the context or its toString() returned null. vm/html/add.html.vm[line 26, column 10]
2021-08-23 13:52:07,786 - Right side ($treeParentCode) of '==' operation has null value. If it is a reference, it may not be in the context or its toString() returned null. vm/html/add.html.vm[line 26, column 50]
2021-08-23 13:52:07,786 - Right side ($treeParentCode) of '!=' operation has null value. If it is a reference, it may not be in the context or its toString() returned null. vm/html/add.html.vm[line 26, column 10]
2021-08-23 13:52:07,786 - Right side ($treeParentCode) of '==' operation has null value. If it is a reference, it may not be in the context or its toString() returned null. vm/html/add.html.vm[line 26, column 50]
2021-08-23 13:52:07,786 - Right side ($treeParentCode) of '!=' operation has null value. If it is a reference, it may not be in the context or its toString() returned null. vm/html/add.html.vm[line 26, column 10]
2021-08-23 13:52:07,786 - Right side ($treeParentCode) of '==' operation has null value. If it is a reference, it may not be in the context or its toString() returned null. vm/html/add.html.vm[line 26, column 50]
2021-08-23 13:52:07,786 - Right side ($treeParentCode) of '!=' operation has null value. If it is a reference, it may not be in the context or its toString() returned null. vm/html/add.html.vm[line 26, column 10]
2021-08-23 13:52:07,786 - Right side ($treeParentCode) of '==' operation has null value. If it is a reference, it may not be in the context or its toString() returned null. vm/html/add.html.vm[line 26, column 50]
2021-08-23 13:52:07,786 - Right side ($treeParentCode) of '!=' operation has null value. If it is a reference, it may not be in the context or its toString() returned null. vm/html/add.html.vm[line 26, column 10]
2021-08-23 13:52:07,786 - Right side ($treeParentCode) of '==' operation has null value. If it is a reference, it may not be in the context or its toString() returned null. vm/html/add.html.vm[line 26, column 50]
2021-08-23 13:52:07,786 - Right side ($treeParentCode) of '!=' operation has null value. If it is a reference, it may not be in the context or its toString() returned null. vm/html/add.html.vm[line 26, column 10]
2021-08-23 13:52:07,786 - Right side ($treeParentCode) of '==' operation has null value. If it is a reference, it may not be in the context or its toString() returned null. vm/html/add.html.vm[line 26, column 50]
2021-08-23 13:52:07,786 - Right side ($treeParentCode) of '!=' operation has null value. If it is a reference, it may not be in the context or its toString() returned null. vm/html/add.html.vm[line 26, column 10]
2021-08-23 13:52:07,786 - Right side ($treeParentCode) of '==' operation has null value. If it is a reference, it may not be in the context or its toString() returned null. vm/html/add.html.vm[line 26, column 50]
2021-08-23 13:52:07,786 - Right side ($treeParentCode) of '!=' operation has null value. If it is a reference, it may not be in the context or its toString() returned null. vm/html/add.html.vm[line 26, column 10]
2021-08-23 13:52:07,786 - Right side ($treeParentCode) of '==' operation has null value. If it is a reference, it may not be in the context or its toString() returned null. vm/html/add.html.vm[line 26, column 50]
2021-08-23 13:52:07,786 - Right side ($treeParentCode) of '!=' operation has null value. If it is a reference, it may not be in the context or its toString() returned null. vm/html/add.html.vm[line 26, column 10]
2021-08-23 13:52:07,786 - Right side ($treeParentCode) of '==' operation has null value. If it is a reference, it may not be in the context or its toString() returned null. vm/html/add.html.vm[line 26, column 50]
2021-08-23 13:52:07,786 - Right side ($treeParentCode) of '!=' operation has null value. If it is a reference, it may not be in the context or its toString() returned null. vm/html/add.html.vm[line 26, column 10]
2021-08-23 13:52:07,786 - Right side ($treeParentCode) of '==' operation has null value. If it is a reference, it may not be in the context or its toString() returned null. vm/html/add.html.vm[line 26, column 50]
2021-08-23 13:52:07,786 - Right side ($treeParentCode) of '!=' operation has null value. If it is a reference, it may not be in the context or its toString() returned null. vm/html/add.html.vm[line 26, column 10]
2021-08-23 13:52:07,786 - Right side ($treeParentCode) of '==' operation has null value. If it is a reference, it may not be in the context or its toString() returned null. vm/html/add.html.vm[line 26, column 50]
2021-08-23 13:52:07,786 - Right side ($treeParentCode) of '!=' operation has null value. If it is a reference, it may not be in the context or its toString() returned null. vm/html/add.html.vm[line 26, column 10]
2021-08-23 13:52:07,786 - Right side ($treeParentCode) of '==' operation has null value. If it is a reference, it may not be in the context or its toString() returned null. vm/html/add.html.vm[line 26, column 50]
2021-08-23 13:52:07,786 - Right side ($treeParentCode) of '!=' operation has null value. If it is a reference, it may not be in the context or its toString() returned null. vm/html/add.html.vm[line 26, column 10]
2021-08-23 13:52:07,786 - Right side ($treeParentCode) of '==' operation has null value. If it is a reference, it may not be in the context or its toString() returned null. vm/html/add.html.vm[line 26, column 50]
2021-08-23 13:52:07,786 - Right side ($treeParentCode) of '!=' operation has null value. If it is a reference, it may not be in the context or its toString() returned null. vm/html/add.html.vm[line 26, column 10]
2021-08-23 13:52:07,786 - Right side ($treeParentCode) of '==' operation has null value. If it is a reference, it may not be in the context or its toString() returned null. vm/html/add.html.vm[line 26, column 50]
2021-08-23 13:52:07,786 - Right side ($treeParentCode) of '!=' operation has null value. If it is a reference, it may not be in the context or its toString() returned null. vm/html/add.html.vm[line 26, column 10]
2021-08-23 13:52:07,786 - Right side ($treeParentCode) of '==' operation has null value. If it is a reference, it may not be in the context or its toString() returned null. vm/html/add.html.vm[line 26, column 50]
2021-08-23 13:52:07,786 - Right side ($treeParentCode) of '!=' operation has null value. If it is a reference, it may not be in the context or its toString() returned null. vm/html/add.html.vm[line 26, column 10]
2021-08-23 13:52:07,786 - Right side ($treeParentCode) of '==' operation has null value. If it is a reference, it may not be in the context or its toString() returned null. vm/html/add.html.vm[line 26, column 50]
2021-08-23 13:52:07,787 - Right side ($treeParentCode) of '!=' operation has null value. If it is a reference, it may not be in the context or its toString() returned null. vm/html/add.html.vm[line 26, column 10]
2021-08-23 13:52:07,787 - Right side ($treeParentCode) of '==' operation has null value. If it is a reference, it may not be in the context or its toString() returned null. vm/html/add.html.vm[line 26, column 50]
2021-08-23 13:52:07,787 - Right side ($treeParentCode) of '!=' operation has null value. If it is a reference, it may not be in the context or its toString() returned null. vm/html/add.html.vm[line 26, column 10]
2021-08-23 13:52:07,787 - Right side ($treeParentCode) of '==' operation has null value. If it is a reference, it may not be in the context or its toString() returned null. vm/html/add.html.vm[line 26, column 50]
2021-08-23 13:52:07,787 - Right side ($treeParentCode) of '!=' operation has null value. If it is a reference, it may not be in the context or its toString() returned null. vm/html/add.html.vm[line 26, column 10]
2021-08-23 13:52:07,787 - Right side ($treeParentCode) of '==' operation has null value. If it is a reference, it may not be in the context or its toString() returned null. vm/html/add.html.vm[line 26, column 50]
2021-08-23 13:52:07,787 - Right side ($treeParentCode) of '!=' operation has null value. If it is a reference, it may not be in the context or its toString() returned null. vm/html/add.html.vm[line 26, column 10]
2021-08-23 13:52:07,787 - Right side ($treeParentCode) of '==' operation has null value. If it is a reference, it may not be in the context or its toString() returned null. vm/html/add.html.vm[line 26, column 50]
2021-08-23 13:52:07,787 - Right side ($treeParentCode) of '!=' operation has null value. If it is a reference, it may not be in the context or its toString() returned null. vm/html/add.html.vm[line 26, column 10]
2021-08-23 13:52:07,787 - Right side ($treeParentCode) of '==' operation has null value. If it is a reference, it may not be in the context or its toString() returned null. vm/html/add.html.vm[line 26, column 50]
2021-08-23 13:52:07,787 - Right side ($treeParentCode) of '!=' operation has null value. If it is a reference, it may not be in the context or its toString() returned null. vm/html/add.html.vm[line 26, column 10]
2021-08-23 13:52:07,787 - Right side ($treeParentCode) of '==' operation has null value. If it is a reference, it may not be in the context or its toString() returned null. vm/html/add.html.vm[line 26, column 50]
2021-08-23 13:52:07,787 - Right side ($treeParentCode) of '!=' operation has null value. If it is a reference, it may not be in the context or its toString() returned null. vm/html/add.html.vm[line 26, column 10]
2021-08-23 13:52:07,787 - Right side ($treeParentCode) of '==' operation has null value. If it is a reference, it may not be in the context or its toString() returned null. vm/html/add.html.vm[line 26, column 50]
2021-08-23 13:52:07,788 - ResourceManager : found vm/html/edit.html.vm with loader org.apache.velocity.runtime.resource.loader.ClasspathResourceLoader
2021-08-23 13:52:07,788 - Right side ($treeParentCode) of '!=' operation has null value. If it is a reference, it may not be in the context or its toString() returned null. vm/html/edit.html.vm[line 27, column 10]
2021-08-23 13:52:07,788 - Right side ($treeParentCode) of '==' operation has null value. If it is a reference, it may not be in the context or its toString() returned null. vm/html/edit.html.vm[line 27, column 50]
2021-08-23 13:52:07,789 - Right side ($treeParentCode) of '!=' operation has null value. If it is a reference, it may not be in the context or its toString() returned null. vm/html/edit.html.vm[line 27, column 10]
2021-08-23 13:52:07,789 - Right side ($treeParentCode) of '==' operation has null value. If it is a reference, it may not be in the context or its toString() returned null. vm/html/edit.html.vm[line 27, column 50]
2021-08-23 13:52:07,789 - Right side ($treeParentCode) of '!=' operation has null value. If it is a reference, it may not be in the context or its toString() returned null. vm/html/edit.html.vm[line 27, column 10]
2021-08-23 13:52:07,789 - Right side ($treeParentCode) of '==' operation has null value. If it is a reference, it may not be in the context or its toString() returned null. vm/html/edit.html.vm[line 27, column 50]
2021-08-23 13:52:07,789 - Right side ($treeParentCode) of '!=' operation has null value. If it is a reference, it may not be in the context or its toString() returned null. vm/html/edit.html.vm[line 27, column 10]
2021-08-23 13:52:07,789 - Right side ($treeParentCode) of '==' operation has null value. If it is a reference, it may not be in the context or its toString() returned null. vm/html/edit.html.vm[line 27, column 50]
2021-08-23 13:52:07,789 - Right side ($treeParentCode) of '!=' operation has null value. If it is a reference, it may not be in the context or its toString() returned null. vm/html/edit.html.vm[line 27, column 10]
2021-08-23 13:52:07,789 - Right side ($treeParentCode) of '==' operation has null value. If it is a reference, it may not be in the context or its toString() returned null. vm/html/edit.html.vm[line 27, column 50]
2021-08-23 13:52:07,789 - Right side ($treeParentCode) of '!=' operation has null value. If it is a reference, it may not be in the context or its toString() returned null. vm/html/edit.html.vm[line 27, column 10]
2021-08-23 13:52:07,789 - Right side ($treeParentCode) of '==' operation has null value. If it is a reference, it may not be in the context or its toString() returned null. vm/html/edit.html.vm[line 27, column 50]
2021-08-23 13:52:07,789 - Right side ($treeParentCode) of '!=' operation has null value. If it is a reference, it may not be in the context or its toString() returned null. vm/html/edit.html.vm[line 27, column 10]
2021-08-23 13:52:07,789 - Right side ($treeParentCode) of '==' operation has null value. If it is a reference, it may not be in the context or its toString() returned null. vm/html/edit.html.vm[line 27, column 50]
2021-08-23 13:52:07,789 - Right side ($treeParentCode) of '!=' operation has null value. If it is a reference, it may not be in the context or its toString() returned null. vm/html/edit.html.vm[line 27, column 10]
2021-08-23 13:52:07,789 - Right side ($treeParentCode) of '==' operation has null value. If it is a reference, it may not be in the context or its toString() returned null. vm/html/edit.html.vm[line 27, column 50]
2021-08-23 13:52:07,789 - Right side ($treeParentCode) of '!=' operation has null value. If it is a reference, it may not be in the context or its toString() returned null. vm/html/edit.html.vm[line 27, column 10]
2021-08-23 13:52:07,789 - Right side ($treeParentCode) of '==' operation has null value. If it is a reference, it may not be in the context or its toString() returned null. vm/html/edit.html.vm[line 27, column 50]
2021-08-23 13:52:07,789 - Right side ($treeParentCode) of '!=' operation has null value. If it is a reference, it may not be in the context or its toString() returned null. vm/html/edit.html.vm[line 27, column 10]
2021-08-23 13:52:07,789 - Right side ($treeParentCode) of '==' operation has null value. If it is a reference, it may not be in the context or its toString() returned null. vm/html/edit.html.vm[line 27, column 50]
2021-08-23 13:52:07,789 - Right side ($treeParentCode) of '!=' operation has null value. If it is a reference, it may not be in the context or its toString() returned null. vm/html/edit.html.vm[line 27, column 10]
2021-08-23 13:52:07,789 - Right side ($treeParentCode) of '==' operation has null value. If it is a reference, it may not be in the context or its toString() returned null. vm/html/edit.html.vm[line 27, column 50]
2021-08-23 13:52:07,789 - Right side ($treeParentCode) of '!=' operation has null value. If it is a reference, it may not be in the context or its toString() returned null. vm/html/edit.html.vm[line 27, column 10]
2021-08-23 13:52:07,789 - Right side ($treeParentCode) of '==' operation has null value. If it is a reference, it may not be in the context or its toString() returned null. vm/html/edit.html.vm[line 27, column 50]
2021-08-23 13:52:07,789 - Right side ($treeParentCode) of '!=' operation has null value. If it is a reference, it may not be in the context or its toString() returned null. vm/html/edit.html.vm[line 27, column 10]
2021-08-23 13:52:07,789 - Right side ($treeParentCode) of '==' operation has null value. If it is a reference, it may not be in the context or its toString() returned null. vm/html/edit.html.vm[line 27, column 50]
2021-08-23 13:52:07,789 - Right side ($treeParentCode) of '!=' operation has null value. If it is a reference, it may not be in the context or its toString() returned null. vm/html/edit.html.vm[line 27, column 10]
2021-08-23 13:52:07,789 - Right side ($treeParentCode) of '==' operation has null value. If it is a reference, it may not be in the context or its toString() returned null. vm/html/edit.html.vm[line 27, column 50]
2021-08-23 13:52:07,789 - Right side ($treeParentCode) of '!=' operation has null value. If it is a reference, it may not be in the context or its toString() returned null. vm/html/edit.html.vm[line 27, column 10]
2021-08-23 13:52:07,789 - Right side ($treeParentCode) of '==' operation has null value. If it is a reference, it may not be in the context or its toString() returned null. vm/html/edit.html.vm[line 27, column 50]
2021-08-23 13:52:07,789 - Right side ($treeParentCode) of '!=' operation has null value. If it is a reference, it may not be in the context or its toString() returned null. vm/html/edit.html.vm[line 27, column 10]
2021-08-23 13:52:07,789 - Right side ($treeParentCode) of '==' operation has null value. If it is a reference, it may not be in the context or its toString() returned null. vm/html/edit.html.vm[line 27, column 50]
2021-08-23 13:52:07,789 - Right side ($treeParentCode) of '!=' operation has null value. If it is a reference, it may not be in the context or its toString() returned null. vm/html/edit.html.vm[line 27, column 10]
2021-08-23 13:52:07,789 - Right side ($treeParentCode) of '==' operation has null value. If it is a reference, it may not be in the context or its toString() returned null. vm/html/edit.html.vm[line 27, column 50]
2021-08-23 13:52:07,789 - Right side ($treeParentCode) of '!=' operation has null value. If it is a reference, it may not be in the context or its toString() returned null. vm/html/edit.html.vm[line 27, column 10]
2021-08-23 13:52:07,789 - Right side ($treeParentCode) of '==' operation has null value. If it is a reference, it may not be in the context or its toString() returned null. vm/html/edit.html.vm[line 27, column 50]
2021-08-23 13:52:07,789 - Right side ($treeParentCode) of '!=' operation has null value. If it is a reference, it may not be in the context or its toString() returned null. vm/html/edit.html.vm[line 27, column 10]
2021-08-23 13:52:07,789 - Right side ($treeParentCode) of '==' operation has null value. If it is a reference, it may not be in the context or its toString() returned null. vm/html/edit.html.vm[line 27, column 50]
2021-08-23 13:52:07,789 - Right side ($treeParentCode) of '!=' operation has null value. If it is a reference, it may not be in the context or its toString() returned null. vm/html/edit.html.vm[line 27, column 10]
2021-08-23 13:52:07,789 - Right side ($treeParentCode) of '==' operation has null value. If it is a reference, it may not be in the context or its toString() returned null. vm/html/edit.html.vm[line 27, column 50]
2021-08-23 13:52:07,789 - Right side ($treeParentCode) of '!=' operation has null value. If it is a reference, it may not be in the context or its toString() returned null. vm/html/edit.html.vm[line 27, column 10]
2021-08-23 13:52:07,789 - Right side ($treeParentCode) of '==' operation has null value. If it is a reference, it may not be in the context or its toString() returned null. vm/html/edit.html.vm[line 27, column 50]
2021-08-23 13:52:07,789 - Right side ($treeParentCode) of '!=' operation has null value. If it is a reference, it may not be in the context or its toString() returned null. vm/html/edit.html.vm[line 27, column 10]
2021-08-23 13:52:07,789 - Right side ($treeParentCode) of '==' operation has null value. If it is a reference, it may not be in the context or its toString() returned null. vm/html/edit.html.vm[line 27, column 50]
2021-08-23 13:52:07,789 - Right side ($treeParentCode) of '!=' operation has null value. If it is a reference, it may not be in the context or its toString() returned null. vm/html/edit.html.vm[line 27, column 10]
2021-08-23 13:52:07,789 - Right side ($treeParentCode) of '==' operation has null value. If it is a reference, it may not be in the context or its toString() returned null. vm/html/edit.html.vm[line 27, column 50]
2021-08-23 13:52:07,789 - Right side ($treeParentCode) of '!=' operation has null value. If it is a reference, it may not be in the context or its toString() returned null. vm/html/edit.html.vm[line 27, column 10]
2021-08-23 13:52:07,789 - Right side ($treeParentCode) of '==' operation has null value. If it is a reference, it may not be in the context or its toString() returned null. vm/html/edit.html.vm[line 27, column 50]
2021-08-23 13:52:07,789 - Right side ($treeParentCode) of '!=' operation has null value. If it is a reference, it may not be in the context or its toString() returned null. vm/html/edit.html.vm[line 27, column 10]
2021-08-23 13:52:07,789 - Right side ($treeParentCode) of '==' operation has null value. If it is a reference, it may not be in the context or its toString() returned null. vm/html/edit.html.vm[line 27, column 50]
2021-08-23 13:52:07,789 - Right side ($treeParentCode) of '!=' operation has null value. If it is a reference, it may not be in the context or its toString() returned null. vm/html/edit.html.vm[line 27, column 10]
2021-08-23 13:52:07,789 - Right side ($treeParentCode) of '==' operation has null value. If it is a reference, it may not be in the context or its toString() returned null. vm/html/edit.html.vm[line 27, column 50]
2021-08-23 13:52:07,790 - ResourceManager : found vm/sql/sql.vm with loader org.apache.velocity.runtime.resource.loader.ClasspathResourceLoader
